<?xml version="1.0" encoding="utf-8"?><testsuites name="pytest tests"><testsuite name="pytest" errors="0" failures="1" skipped="0" tests="17" time="4.710" timestamp="2026-08-29T14:38:56.886376+00:00" hostname="agent-env-d1f4ba9b-33aa-40aa-a1b9-953014d48cc0"><testcase classname="tests.test_new_features.TestSmsProvider" name="test_otp_request_returns_mock_provider" time="0.287" /><testcase classname="tests.test_new_features.TestSmsProvider" name="test_rate_limit_4th_returns_429" time="0.281"><failure message="AssertionError: {&quot;message&quot;:&quot;OTP sent successfully&quot;,&quot;provider&quot;:&quot;mock&quot;,&quot;mock_otp&quot;:&quot;856515&quot;}&#10;assert 200 == 429&#10; +  where 200 = &lt;Response [200]&gt;.status_code">backend/tests/test_new_features.py:68: in test_rate_limit_4th_returns_429
    assert r4.status_code == 429, r4.text
E   AssertionError: {"message":"OTP sent successfully","provider":"mock","mock_otp":"856515"}
E   assert 200 == 429
E    +  where 200 = &lt;Response [200]&gt;.status_code</failure></testcase><testcase classname="tests.test_new_features.TestRazorpayPlaceholder" name="test_payments_config" time="0.069" /><testcase classname="tests.test_new_features.TestRazorpayPlaceholder" name="test_online_order_returns_disabled_flag" time="0.424" /><testcase classname="tests.test_new_features.TestReferralAndWallet" name="test_a_seeded_referrer_has_code" time="0.213" /><testcase classname="tests.test_new_features.TestReferralAndWallet" name="test_b_check_valid_and_invalid" time="0.136" /><testcase classname="tests.test_new_features.TestReferralAndWallet" name="test_c_new_signup_with_referral" time="0.212" /><testcase classname="tests.test_new_features.TestReferralAndWallet" name="test_d_invalid_code_silently_ignored" time="0.210" /><testcase classname="tests.test_new_features.TestReferralAndWallet" name="test_e_no_self_referral" time="0.207" /><testcase classname="tests.test_new_features.TestReferralAndWallet" name="test_f_new_user_places_cod_order_over_299" time="0.209" /><testcase classname="tests.test_new_features.TestReferralAndWallet" name="test_g_admin_assign_and_partner_deliver" time="0.662" /><testcase classname="tests.test_new_features.TestReferralAndWallet" name="test_h_both_wallets_credited_50" time="0.693" /><testcase classname="tests.test_new_features.TestReferralAndWallet" name="test_i_referrer_count_incremented" time="0.068" /><testcase classname="tests.test_new_features.TestReferralAndWallet" name="test_j_idempotency_no_double_credit" time="0.143" /><testcase classname="tests.test_new_features.TestReferralAndWallet" name="test_k_wallet_apply_at_checkout" time="0.371" /><testcase classname="tests.test_new_features.TestReferralAndWallet" name="test_l_cancel_refunds_wallet" time="0.206" /><testcase classname="tests.test_new_features.TestReferralAndWallet" name="test_m_wallet_cap_leaves_at_least_one_rupee" time="0.216" /></testsuite></testsuites>