<?xml version="1.0" encoding="utf-8"?><testsuites name="pytest tests"><testsuite name="pytest" errors="0" failures="0" skipped="0" tests="26" time="3.991" timestamp="2026-08-29T13:58:47.223726+00:00" hostname="agent-env-d1f4ba9b-33aa-40aa-a1b9-953014d48cc0"><testcase classname="tests.backend_test.TestCatalog" name="test_categories_19" time="0.326" /><testcase classname="tests.backend_test.TestCatalog" name="test_products_by_section" time="0.124" /><testcase classname="tests.backend_test.TestOrderFlow" name="test_create_address" time="0.498" /><testcase classname="tests.backend_test.TestCatalog" name="test_products_bestseller_filter" time="0.080" /><testcase classname="tests.backend_test.TestOrderFlow" name="test_place_order_reduces_stock" time="0.237" /><testcase classname="tests.backend_test.TestCatalog" name="test_products_hindi_search" time="0.168" /><testcase classname="tests.backend_test.TestCatalog" name="test_product_detail" time="0.297" /><testcase classname="tests.backend_test.TestOrderFlow" name="test_list_and_get_order" time="0.157" /><testcase classname="tests.backend_test.TestCatalog" name="test_product_sort_price_asc" time="0.210" /><testcase classname="tests.backend_test.TestAuth" name="test_otp_request_returns_mock_otp" time="0.116" /><testcase classname="tests.backend_test.TestAuth" name="test_otp_verify_creates_session" time="0.177" /><testcase classname="tests.backend_test.TestOrderFlow" name="test_admin_assign_partner" time="0.677" /><testcase classname="tests.backend_test.TestAuth" name="test_admin_login_valid" time="0.363" /><testcase classname="tests.backend_test.TestOrderFlow" name="test_admin_advance_status" time="0.339" /><testcase classname="tests.backend_test.TestAuth" name="test_admin_login_invalid" time="0.302" /><testcase classname="tests.backend_test.TestOrderFlow" name="test_partner_rbac_and_delivery" time="0.597" /><testcase classname="tests.backend_test.TestAuth" name="test_new_delivery_partner_signup_rejected" time="0.160" /><testcase classname="tests.backend_test.TestCoupons" name="test_welcome50_valid" time="0.224" /><testcase classname="tests.backend_test.TestOrderFlow" name="test_delivered_stock_stays_reduced" time="0.078" /><testcase classname="tests.backend_test.TestCoupons" name="test_welcome50_min_fail" time="0.084" /><testcase classname="tests.backend_test.TestOrderFlow" name="test_partner_cannot_see_others_orders" time="0.927" /><testcase classname="tests.backend_test.TestCoupons" name="test_invalid_coupon" time="0.178" /><testcase classname="tests.backend_test.TestAdminStats" name="test_admin_stats" time="0.419" /><testcase classname="tests.backend_test.TestAdminStats" name="test_admin_orders_list" time="0.117" /><testcase classname="tests.backend_test.TestDelivery" name="test_check_serviceable" time="0.086" /><testcase classname="tests.backend_test.TestDelivery" name="test_check_not_serviceable" time="0.076" /></testsuite></testsuites>