<?xml version="1.0" encoding="utf-8"?><testsuites name="pytest tests"><testsuite name="pytest" errors="0" failures="0" skipped="0" tests="13" time="3.028" timestamp="2026-08-29T14:21:54.610416+00:00" hostname="agent-env-d1f4ba9b-33aa-40aa-a1b9-953014d48cc0"><testcase classname="tests.test_security_fixes.TestSEC003_Quantity" name="test_negative_quantity_rejected" time="0.850" /><testcase classname="tests.test_security_fixes.TestSEC003_Quantity" name="test_zero_quantity_rejected" time="0.184" /><testcase classname="tests.test_security_fixes.TestSEC004_OtpLeak" name="test_setup_place_order_and_assign" time="1.207" /><testcase classname="tests.test_security_fixes.TestSEC003_Quantity" name="test_excess_quantity_rejected" time="0.142" /><testcase classname="tests.test_security_fixes.TestSEC003_Quantity" name="test_valid_quantity_accepted" time="0.143" /><testcase classname="tests.test_security_fixes.TestSEC004_OtpLeak" name="test_partner_get_order_no_otp" time="0.114" /><testcase classname="tests.test_security_fixes.TestSEC004_OtpLeak" name="test_partner_list_orders_no_otp" time="0.295" /><testcase classname="tests.test_security_fixes.TestSEC001_AdminAuth" name="test_admin_login_still_valid" time="0.293" /><testcase classname="tests.test_security_fixes.TestSEC001_AdminAuth" name="test_admin_login_bad" time="0.292" /><testcase classname="tests.test_security_fixes.TestSEC004_OtpLeak" name="test_admin_orders_list_no_otp" time="0.294" /><testcase classname="tests.test_security_fixes.TestSEC005_Coupon" name="test_once_per_user_and_cross_user_ok" time="0.796" /><testcase classname="tests.test_security_fixes.TestSEC004_OtpLeak" name="test_customer_still_sees_otp" time="0.115" /><testcase classname="tests.test_security_fixes.TestSEC004_OtpLeak" name="test_partner_delivery_wrong_otp_then_correct" time="0.305" /></testsuite></testsuites>